<?xml version="1.0" encoding="UTF-8"?>
<coverage generated="1548611327857" clover="3.2.0">
  <project timestamp="1548611327857" name="All files">
    <metrics statements="152" coveredstatements="152" conditionals="82" coveredconditionals="82" methods="49" coveredmethods="49" elements="283" coveredelements="283" complexity="0" loc="152" ncloc="152" packages="1" files="21" classes="21"/>
    <file name="Any.js" path="/Users/taylor.stackpole/Projects/js-helpers/src/Any.js">
      <metrics statements="10" coveredstatements="10" conditionals="8" coveredconditionals="8" methods="2" coveredmethods="2"/>
      <line num="15" count="2" type="stmt"/>
      <line num="17" count="2" type="cond" truecount="2" falsecount="0"/>
      <line num="18" count="9" type="cond" truecount="2" falsecount="0"/>
      <line num="19" count="7" type="stmt"/>
      <line num="20" count="7" type="stmt"/>
      <line num="21" count="7" type="stmt"/>
      <line num="23" count="11" type="cond" truecount="2" falsecount="0"/>
      <line num="26" count="5" type="cond" truecount="2" falsecount="0"/>
      <line num="27" count="4" type="stmt"/>
      <line num="29" count="6" type="stmt"/>
    </file>
    <file name="CircleSlice.js" path="/Users/taylor.stackpole/Projects/js-helpers/src/CircleSlice.js">
      <metrics statements="6" coveredstatements="6" conditionals="4" coveredconditionals="4" methods="1" coveredmethods="1"/>
      <line num="3" count="1" type="stmt"/>
      <line num="4" count="13" type="stmt"/>
      <line num="5" count="13" type="cond" truecount="2" falsecount="0"/>
      <line num="6" count="6" type="cond" truecount="2" falsecount="0"/>
      <line num="7" count="3" type="stmt"/>
      <line num="9" count="3" type="stmt"/>
    </file>
    <file name="Classnames.js" path="/Users/taylor.stackpole/Projects/js-helpers/src/Classnames.js">
      <metrics statements="15" coveredstatements="15" conditionals="8" coveredconditionals="8" methods="2" coveredmethods="2"/>
      <line num="14" count="1" type="stmt"/>
      <line num="15" count="9" type="stmt"/>
      <line num="16" count="14" type="stmt"/>
      <line num="17" count="14" type="cond" truecount="2" falsecount="0"/>
      <line num="18" count="5" type="stmt"/>
      <line num="19" count="5" type="cond" truecount="2" falsecount="0"/>
      <line num="20" count="3" type="stmt"/>
      <line num="22" count="2" type="stmt"/>
      <line num="23" count="6" type="cond" truecount="2" falsecount="0"/>
      <line num="24" count="4" type="stmt"/>
      <line num="28" count="5" type="stmt"/>
      <line num="29" count="9" type="cond" truecount="2" falsecount="0"/>
      <line num="30" count="6" type="stmt"/>
      <line num="32" count="3" type="stmt"/>
      <line num="34" count="14" type="stmt"/>
    </file>
    <file name="Clone.js" path="/Users/taylor.stackpole/Projects/js-helpers/src/Clone.js">
      <metrics statements="2" coveredstatements="2" conditionals="0" coveredconditionals="0" methods="1" coveredmethods="1"/>
      <line num="2" count="3" type="stmt"/>
      <line num="3" count="19" type="stmt"/>
    </file>
    <file name="ClosestMove.js" path="/Users/taylor.stackpole/Projects/js-helpers/src/ClosestMove.js">
      <metrics statements="19" coveredstatements="19" conditionals="4" coveredconditionals="4" methods="4" coveredmethods="4"/>
      <line num="6" count="1" type="stmt"/>
      <line num="7" count="10" type="stmt"/>
      <line num="11" count="6" type="stmt"/>
      <line num="12" count="6" type="stmt"/>
      <line num="13" count="6" type="stmt"/>
      <line num="14" count="6" type="stmt"/>
      <line num="15" count="6" type="stmt"/>
      <line num="16" count="6" type="stmt"/>
      <line num="17" count="6" type="stmt"/>
      <line num="21" count="29" type="cond" truecount="2" falsecount="0"/>
      <line num="22" count="28" type="stmt"/>
      <line num="23" count="28" type="cond" truecount="2" falsecount="0"/>
      <line num="24" count="6" type="stmt"/>
      <line num="25" count="6" type="stmt"/>
      <line num="26" count="6" type="stmt"/>
      <line num="27" count="6" type="stmt"/>
      <line num="28" count="6" type="stmt"/>
      <line num="29" count="6" type="stmt"/>
      <line num="31" count="28" type="stmt"/>
    </file>
    <file name="Compact.js" path="/Users/taylor.stackpole/Projects/js-helpers/src/Compact.js">
      <metrics statements="1" coveredstatements="1" conditionals="0" coveredconditionals="0" methods="1" coveredmethods="1"/>
      <line num="3" count="12" type="stmt"/>
    </file>
    <file name="Counter.js" path="/Users/taylor.stackpole/Projects/js-helpers/src/Counter.js">
      <metrics statements="12" coveredstatements="12" conditionals="9" coveredconditionals="9" methods="7" coveredmethods="7"/>
      <line num="3" count="8" type="stmt"/>
      <line num="4" count="8" type="stmt"/>
      <line num="8" count="99" type="stmt"/>
      <line num="12" count="99" type="cond" truecount="2" falsecount="0"/>
      <line num="16" count="40" type="cond" truecount="2" falsecount="0"/>
      <line num="20" count="10" type="cond" truecount="2" falsecount="0"/>
      <line num="24" count="10" type="stmt"/>
      <line num="25" count="10" type="stmt"/>
      <line num="26" count="10" type="stmt"/>
      <line num="30" count="37" type="cond" truecount="2" falsecount="0"/>
      <line num="31" count="28" type="stmt"/>
      <line num="32" count="28" type="stmt"/>
    </file>
    <file name="Difference.js" path="/Users/taylor.stackpole/Projects/js-helpers/src/Difference.js">
      <metrics statements="7" coveredstatements="7" conditionals="6" coveredconditionals="6" methods="2" coveredmethods="2"/>
      <line num="11" count="2" type="stmt"/>
      <line num="12" count="6" type="cond" truecount="2" falsecount="0"/>
      <line num="13" count="5" type="cond" truecount="2" falsecount="0"/>
      <line num="14" count="4" type="stmt"/>
      <line num="15" count="4" type="stmt"/>
      <line num="16" count="11" type="cond" truecount="2" falsecount="0"/>
      <line num="18" count="4" type="stmt"/>
    </file>
    <file name="EitherOr.js" path="/Users/taylor.stackpole/Projects/js-helpers/src/EitherOr.js">
      <metrics statements="1" coveredstatements="1" conditionals="2" coveredconditionals="2" methods="1" coveredmethods="1"/>
      <line num="1" count="3" type="cond" truecount="2" falsecount="0"/>
    </file>
    <file name="Every.js" path="/Users/taylor.stackpole/Projects/js-helpers/src/Every.js">
      <metrics statements="5" coveredstatements="5" conditionals="3" coveredconditionals="3" methods="1" coveredmethods="1"/>
      <line num="7" count="1" type="cond" truecount="1" falsecount="0"/>
      <line num="8" count="3" type="cond" truecount="2" falsecount="0"/>
      <line num="9" count="2" type="stmt"/>
      <line num="10" count="2" type="stmt"/>
      <line num="11" count="2" type="stmt"/>
    </file>
    <file name="Has.js" path="/Users/taylor.stackpole/Projects/js-helpers/src/Has.js">
      <metrics statements="7" coveredstatements="7" conditionals="6" coveredconditionals="6" methods="1" coveredmethods="1"/>
      <line num="8" count="1" type="stmt"/>
      <line num="9" count="7" type="cond" truecount="2" falsecount="0"/>
      <line num="10" count="6" type="cond" truecount="2" falsecount="0"/>
      <line num="12" count="4" type="stmt"/>
      <line num="13" count="4" type="cond" truecount="2" falsecount="0"/>
      <line num="14" count="1" type="stmt"/>
      <line num="16" count="4" type="stmt"/>
    </file>
    <file name="Is.js" path="/Users/taylor.stackpole/Projects/js-helpers/src/Is.js">
      <metrics statements="9" coveredstatements="9" conditionals="8" coveredconditionals="8" methods="4" coveredmethods="4"/>
      <line num="1" count="95" type="stmt"/>
      <line num="3" count="49" type="cond" truecount="2" falsecount="0"/>
      <line num="5" count="47" type="stmt"/>
      <line num="7" count="7" type="stmt"/>
      <line num="8" count="41" type="cond" truecount="2" falsecount="0"/>
      <line num="9" count="2" type="stmt"/>
      <line num="11" count="39" type="cond" truecount="4" falsecount="0"/>
      <line num="12" count="17" type="stmt"/>
      <line num="14" count="22" type="stmt"/>
    </file>
    <file name="MatchFinder.js" path="/Users/taylor.stackpole/Projects/js-helpers/src/MatchFinder.js">
      <metrics statements="28" coveredstatements="28" conditionals="20" coveredconditionals="20" methods="8" coveredmethods="8"/>
      <line num="9" count="9" type="cond" truecount="2" falsecount="0"/>
      <line num="10" count="9" type="stmt"/>
      <line num="11" count="9" type="cond" truecount="2" falsecount="0"/>
      <line num="12" count="9" type="stmt"/>
      <line num="13" count="9" type="stmt"/>
      <line num="14" count="9" type="stmt"/>
      <line num="15" count="9" type="cond" truecount="4" falsecount="0"/>
      <line num="16" count="7" type="cond" truecount="4" falsecount="0"/>
      <line num="17" count="6" type="stmt"/>
      <line num="21" count="10" type="stmt"/>
      <line num="25" count="9" type="stmt"/>
      <line num="30" count="5" type="stmt"/>
      <line num="34" count="24" type="stmt"/>
      <line num="38" count="17" type="stmt"/>
      <line num="43" count="6" type="cond" truecount="2" falsecount="0"/>
      <line num="48" count="3" type="stmt"/>
      <line num="49" count="3" type="stmt"/>
      <line num="51" count="6" type="stmt"/>
      <line num="52" count="6" type="stmt"/>
      <line num="56" count="6" type="stmt"/>
      <line num="57" count="6" type="cond" truecount="2" falsecount="0"/>
      <line num="58" count="4" type="stmt"/>
      <line num="63" count="10" type="stmt"/>
      <line num="64" count="10" type="stmt"/>
      <line num="65" count="10" type="cond" truecount="2" falsecount="0"/>
      <line num="66" count="6" type="stmt"/>
      <line num="67" count="6" type="stmt"/>
      <line num="72" count="4" type="stmt"/>
    </file>
    <file name="Merge.js" path="/Users/taylor.stackpole/Projects/js-helpers/src/Merge.js">
      <metrics statements="5" coveredstatements="5" conditionals="0" coveredconditionals="0" methods="2" coveredmethods="2"/>
      <line num="6" count="1" type="stmt"/>
      <line num="7" count="2" type="stmt"/>
      <line num="8" count="3" type="stmt"/>
      <line num="9" count="6" type="stmt"/>
      <line num="12" count="2" type="stmt"/>
    </file>
    <file name="ModIndex.js" path="/Users/taylor.stackpole/Projects/js-helpers/src/ModIndex.js">
      <metrics statements="1" coveredstatements="1" conditionals="0" coveredconditionals="0" methods="1" coveredmethods="1"/>
      <line num="1" count="6" type="stmt"/>
    </file>
    <file name="Omit.js" path="/Users/taylor.stackpole/Projects/js-helpers/src/Omit.js">
      <metrics statements="5" coveredstatements="5" conditionals="0" coveredconditionals="0" methods="2" coveredmethods="2"/>
      <line num="4" count="1" type="stmt"/>
      <line num="5" count="1" type="stmt"/>
      <line num="6" count="1" type="stmt"/>
      <line num="7" count="2" type="stmt"/>
      <line num="8" count="1" type="stmt"/>
    </file>
    <file name="Pick.js" path="/Users/taylor.stackpole/Projects/js-helpers/src/Pick.js">
      <metrics statements="4" coveredstatements="4" conditionals="0" coveredconditionals="0" methods="2" coveredmethods="2"/>
      <line num="1" count="1" type="stmt"/>
      <line num="2" count="1" type="stmt"/>
      <line num="3" count="2" type="stmt"/>
      <line num="4" count="1" type="stmt"/>
    </file>
    <file name="Random.js" path="/Users/taylor.stackpole/Projects/js-helpers/src/Random.js">
      <metrics statements="2" coveredstatements="2" conditionals="2" coveredconditionals="2" methods="1" coveredmethods="1"/>
      <line num="1" count="1" type="cond" truecount="2" falsecount="0"/>
      <line num="2" count="101" type="stmt"/>
    </file>
    <file name="Take.js" path="/Users/taylor.stackpole/Projects/js-helpers/src/Take.js">
      <metrics statements="5" coveredstatements="5" conditionals="0" coveredconditionals="0" methods="2" coveredmethods="2"/>
      <line num="4" count="1" type="stmt"/>
      <line num="5" count="1" type="stmt"/>
      <line num="6" count="1" type="stmt"/>
      <line num="7" count="2" type="stmt"/>
      <line num="9" count="1" type="stmt"/>
    </file>
    <file name="Times.js" path="/Users/taylor.stackpole/Projects/js-helpers/src/Times.js">
      <metrics statements="2" coveredstatements="2" conditionals="0" coveredconditionals="0" methods="2" coveredmethods="2"/>
      <line num="1" count="4" type="stmt"/>
      <line num="2" count="117" type="stmt"/>
    </file>
    <file name="Unique.js" path="/Users/taylor.stackpole/Projects/js-helpers/src/Unique.js">
      <metrics statements="6" coveredstatements="6" conditionals="2" coveredconditionals="2" methods="2" coveredmethods="2"/>
      <line num="1" count="2" type="stmt"/>
      <line num="2" count="2" type="stmt"/>
      <line num="3" count="2" type="stmt"/>
      <line num="4" count="12" type="cond" truecount="2" falsecount="0"/>
      <line num="5" count="5" type="stmt"/>
      <line num="8" count="2" type="stmt"/>
    </file>
  </project>
</coverage>
