{"/Users/taylor.stackpole/Projects/js-helpers/src/Any.js": {"path":"/Users/taylor.stackpole/Projects/js-helpers/src/Any.js","statementMap":{"0":{"start":{"line":15,"column":24},"end":{"line":15,"column":26}},"1":{"start":{"line":17,"column":12},"end":{"line":30,"column":1}},"2":{"start":{"line":18,"column":2},"end":{"line":18,"column":32}},"3":{"start":{"line":18,"column":19},"end":{"line":18,"column":32}},"4":{"start":{"line":19,"column":14},"end":{"line":19,"column":19}},"5":{"start":{"line":20,"column":2},"end":{"line":28,"column":3}},"6":{"start":{"line":21,"column":4},"end":{"line":24,"column":7}},"7":{"start":{"line":23,"column":6},"end":{"line":23,"column":42}},"8":{"start":{"line":23,"column":20},"end":{"line":23,"column":42}},"9":{"start":{"line":26,"column":4},"end":{"line":27,"column":22}},"10":{"start":{"line":26,"column":31},"end":{"line":26,"column":39}},"11":{"start":{"line":27,"column":9},"end":{"line":27,"column":22}},"12":{"start":{"line":29,"column":2},"end":{"line":29,"column":15}}},"fnMap":{"0":{"name":"(anonymous_0)","decl":{"start":{"line":17,"column":12},"end":{"line":17,"column":13}},"loc":{"start":{"line":17,"column":41},"end":{"line":30,"column":1}},"line":17},"1":{"name":"(anonymous_1)","decl":{"start":{"line":21,"column":16},"end":{"line":21,"column":17}},"loc":{"start":{"line":21,"column":26},"end":{"line":24,"column":5}},"line":21}},"branchMap":{"0":{"loc":{"start":{"line":17,"column":13},"end":{"line":17,"column":21}},"type":"default-arg","locations":[{"start":{"line":17,"column":19},"end":{"line":17,"column":21}}],"line":17},"1":{"loc":{"start":{"line":17,"column":23},"end":{"line":17,"column":36}},"type":"default-arg","locations":[{"start":{"line":17,"column":28},"end":{"line":17,"column":36}}],"line":17},"2":{"loc":{"start":{"line":18,"column":2},"end":{"line":18,"column":32}},"type":"if","locations":[{"start":{"line":18,"column":2},"end":{"line":18,"column":32}},{"start":{"line":18,"column":2},"end":{"line":18,"column":32}}],"line":18},"3":{"loc":{"start":{"line":23,"column":6},"end":{"line":23,"column":42}},"type":"if","locations":[{"start":{"line":23,"column":6},"end":{"line":23,"column":42}},{"start":{"line":23,"column":6},"end":{"line":23,"column":42}}],"line":23},"4":{"loc":{"start":{"line":26,"column":4},"end":{"line":27,"column":22}},"type":"if","locations":[{"start":{"line":26,"column":4},"end":{"line":27,"column":22}},{"start":{"line":26,"column":4},"end":{"line":27,"column":22}}],"line":26}},"s":{"0":2,"1":2,"2":9,"3":2,"4":7,"5":7,"6":7,"7":11,"8":4,"9":5,"10":1,"11":4,"12":6},"f":{"0":9,"1":11},"b":{"0":[1],"1":[6],"2":[2,7],"3":[4,6],"4":[1,4]},"_coverageSchema":"43e27e138ebf9cfc5966b082cf9a028302ed4184","hash":"9a58a89291d11a0d1820e0b9eeebf1f582ac976d"}
,"/Users/taylor.stackpole/Projects/js-helpers/src/CircleSlice.js": {"path":"/Users/taylor.stackpole/Projects/js-helpers/src/CircleSlice.js","statementMap":{"0":{"start":{"line":3,"column":20},"end":{"line":10,"column":1}},"1":{"start":{"line":4,"column":14},"end":{"line":4,"column":36}},"2":{"start":{"line":5,"column":2},"end":{"line":5,"column":28}},"3":{"start":{"line":5,"column":19},"end":{"line":5,"column":28}},"4":{"start":{"line":6,"column":2},"end":{"line":8,"column":3}},"5":{"start":{"line":7,"column":4},"end":{"line":7,"column":17}},"6":{"start":{"line":9,"column":2},"end":{"line":9,"column":31}}},"fnMap":{"0":{"name":"(anonymous_0)","decl":{"start":{"line":3,"column":20},"end":{"line":3,"column":21}},"loc":{"start":{"line":3,"column":41},"end":{"line":10,"column":1}},"line":3}},"branchMap":{"0":{"loc":{"start":{"line":5,"column":2},"end":{"line":5,"column":28}},"type":"if","locations":[{"start":{"line":5,"column":2},"end":{"line":5,"column":28}},{"start":{"line":5,"column":2},"end":{"line":5,"column":28}}],"line":5},"1":{"loc":{"start":{"line":6,"column":2},"end":{"line":8,"column":3}},"type":"if","locations":[{"start":{"line":6,"column":2},"end":{"line":8,"column":3}},{"start":{"line":6,"column":2},"end":{"line":8,"column":3}}],"line":6}},"s":{"0":1,"1":13,"2":13,"3":7,"4":6,"5":3,"6":3},"f":{"0":13},"b":{"0":[7,6],"1":[3,3]},"_coverageSchema":"43e27e138ebf9cfc5966b082cf9a028302ed4184","hash":"de6bf53e586bb8d4bd86d339e669e4167d3705e7"}
,"/Users/taylor.stackpole/Projects/js-helpers/src/Classnames.js": {"path":"/Users/taylor.stackpole/Projects/js-helpers/src/Classnames.js","statementMap":{"0":{"start":{"line":14,"column":19},"end":{"line":36,"column":1}},"1":{"start":{"line":15,"column":2},"end":{"line":35,"column":16}},"2":{"start":{"line":16,"column":14},"end":{"line":16,"column":16}},"3":{"start":{"line":17,"column":4},"end":{"line":33,"column":5}},"4":{"start":{"line":18,"column":18},"end":{"line":18,"column":20}},"5":{"start":{"line":19,"column":6},"end":{"line":27,"column":7}},"6":{"start":{"line":20,"column":8},"end":{"line":20,"column":43}},"7":{"start":{"line":22,"column":8},"end":{"line":26,"column":9}},"8":{"start":{"line":23,"column":10},"end":{"line":25,"column":11}},"9":{"start":{"line":24,"column":12},"end":{"line":24,"column":26}},"10":{"start":{"line":28,"column":6},"end":{"line":28,"column":26}},"11":{"start":{"line":29,"column":11},"end":{"line":33,"column":5}},"12":{"start":{"line":30,"column":6},"end":{"line":30,"column":22}},"13":{"start":{"line":32,"column":6},"end":{"line":32,"column":18}},"14":{"start":{"line":34,"column":4},"end":{"line":34,"column":15}}},"fnMap":{"0":{"name":"(anonymous_0)","decl":{"start":{"line":14,"column":19},"end":{"line":14,"column":20}},"loc":{"start":{"line":14,"column":38},"end":{"line":36,"column":1}},"line":14},"1":{"name":"(anonymous_1)","decl":{"start":{"line":15,"column":32},"end":{"line":15,"column":33}},"loc":{"start":{"line":15,"column":47},"end":{"line":35,"column":3}},"line":15}},"branchMap":{"0":{"loc":{"start":{"line":17,"column":4},"end":{"line":33,"column":5}},"type":"if","locations":[{"start":{"line":17,"column":4},"end":{"line":33,"column":5}},{"start":{"line":17,"column":4},"end":{"line":33,"column":5}}],"line":17},"1":{"loc":{"start":{"line":19,"column":6},"end":{"line":27,"column":7}},"type":"if","locations":[{"start":{"line":19,"column":6},"end":{"line":27,"column":7}},{"start":{"line":19,"column":6},"end":{"line":27,"column":7}}],"line":19},"2":{"loc":{"start":{"line":23,"column":10},"end":{"line":25,"column":11}},"type":"if","locations":[{"start":{"line":23,"column":10},"end":{"line":25,"column":11}},{"start":{"line":23,"column":10},"end":{"line":25,"column":11}}],"line":23},"3":{"loc":{"start":{"line":29,"column":11},"end":{"line":33,"column":5}},"type":"if","locations":[{"start":{"line":29,"column":11},"end":{"line":33,"column":5}},{"start":{"line":29,"column":11},"end":{"line":33,"column":5}}],"line":29}},"s":{"0":1,"1":9,"2":14,"3":14,"4":5,"5":5,"6":3,"7":2,"8":6,"9":4,"10":5,"11":9,"12":6,"13":3,"14":14},"f":{"0":9,"1":14},"b":{"0":[5,9],"1":[3,2],"2":[4,2],"3":[6,3]},"_coverageSchema":"43e27e138ebf9cfc5966b082cf9a028302ed4184","hash":"cc4ae4009f5eed088a5c1bb9a5ce913a34401674"}
,"/Users/taylor.stackpole/Projects/js-helpers/src/Clone.js": {"path":"/Users/taylor.stackpole/Projects/js-helpers/src/Clone.js","statementMap":{"0":{"start":{"line":2,"column":14},"end":{"line":4,"column":1}},"1":{"start":{"line":3,"column":2},"end":{"line":3,"column":41}}},"fnMap":{"0":{"name":"(anonymous_0)","decl":{"start":{"line":2,"column":14},"end":{"line":2,"column":15}},"loc":{"start":{"line":2,"column":23},"end":{"line":4,"column":1}},"line":2}},"branchMap":{},"s":{"0":3,"1":19},"f":{"0":19},"b":{},"_coverageSchema":"43e27e138ebf9cfc5966b082cf9a028302ed4184","hash":"4af3903c604f354c944d0a11d41c1281201d8321"}
,"/Users/taylor.stackpole/Projects/js-helpers/src/ClosestMove.js": {"path":"/Users/taylor.stackpole/Projects/js-helpers/src/ClosestMove.js","statementMap":{"0":{"start":{"line":6,"column":4},"end":{"line":6,"column":23}},"1":{"start":{"line":7,"column":4},"end":{"line":7,"column":62}},"2":{"start":{"line":7,"column":58},"end":{"line":7,"column":59}},"3":{"start":{"line":11,"column":16},"end":{"line":11,"column":35}},"4":{"start":{"line":12,"column":16},"end":{"line":12,"column":35}},"5":{"start":{"line":13,"column":22},"end":{"line":13,"column":59}},"6":{"start":{"line":14,"column":23},"end":{"line":14,"column":45}},"7":{"start":{"line":15,"column":21},"end":{"line":15,"column":68}},"8":{"start":{"line":16,"column":26},"end":{"line":16,"column":63}},"9":{"start":{"line":17,"column":4},"end":{"line":17,"column":25}},"10":{"start":{"line":21,"column":4},"end":{"line":21,"column":30}},"11":{"start":{"line":21,"column":21},"end":{"line":21,"column":30}},"12":{"start":{"line":22,"column":15},"end":{"line":22,"column":24}},"13":{"start":{"line":23,"column":4},"end":{"line":30,"column":5}},"14":{"start":{"line":24,"column":6},"end":{"line":24,"column":23}},"15":{"start":{"line":25,"column":6},"end":{"line":25,"column":19}},"16":{"start":{"line":26,"column":23},"end":{"line":26,"column":38}},"17":{"start":{"line":27,"column":22},"end":{"line":27,"column":47}},"18":{"start":{"line":28,"column":24},"end":{"line":28,"column":51}},"19":{"start":{"line":29,"column":6},"end":{"line":29,"column":33}},"20":{"start":{"line":31,"column":4},"end":{"line":31,"column":16}}},"fnMap":{"0":{"name":"(anonymous_0)","decl":{"start":{"line":5,"column":2},"end":{"line":5,"column":3}},"loc":{"start":{"line":5,"column":21},"end":{"line":8,"column":3}},"line":5},"1":{"name":"(anonymous_1)","decl":{"start":{"line":7,"column":47},"end":{"line":7,"column":48}},"loc":{"start":{"line":7,"column":58},"end":{"line":7,"column":59}},"line":7},"2":{"name":"(anonymous_2)","decl":{"start":{"line":10,"column":2},"end":{"line":10,"column":3}},"loc":{"start":{"line":10,"column":13},"end":{"line":18,"column":3}},"line":10},"3":{"name":"(anonymous_3)","decl":{"start":{"line":20,"column":2},"end":{"line":20,"column":3}},"loc":{"start":{"line":20,"column":17},"end":{"line":32,"column":3}},"line":20}},"branchMap":{"0":{"loc":{"start":{"line":21,"column":4},"end":{"line":21,"column":30}},"type":"if","locations":[{"start":{"line":21,"column":4},"end":{"line":21,"column":30}},{"start":{"line":21,"column":4},"end":{"line":21,"column":30}}],"line":21},"1":{"loc":{"start":{"line":23,"column":4},"end":{"line":30,"column":5}},"type":"if","locations":[{"start":{"line":23,"column":4},"end":{"line":30,"column":5}},{"start":{"line":23,"column":4},"end":{"line":30,"column":5}}],"line":23}},"s":{"0":1,"1":1,"2":10,"3":6,"4":6,"5":6,"6":6,"7":6,"8":6,"9":6,"10":29,"11":1,"12":28,"13":28,"14":6,"15":6,"16":6,"17":6,"18":6,"19":6,"20":28},"f":{"0":1,"1":10,"2":6,"3":29},"b":{"0":[1,28],"1":[6,22]},"_coverageSchema":"43e27e138ebf9cfc5966b082cf9a028302ed4184","hash":"d621a23ece19ff27776a8e5d1adfb53d452139fb"}
,"/Users/taylor.stackpole/Projects/js-helpers/src/Compact.js": {"path":"/Users/taylor.stackpole/Projects/js-helpers/src/Compact.js","statementMap":{"0":{"start":{"line":3,"column":16},"end":{"line":3,"column":45}},"1":{"start":{"line":3,"column":25},"end":{"line":3,"column":45}}},"fnMap":{"0":{"name":"(anonymous_0)","decl":{"start":{"line":3,"column":16},"end":{"line":3,"column":17}},"loc":{"start":{"line":3,"column":25},"end":{"line":3,"column":45}},"line":3}},"branchMap":{},"s":{"0":4,"1":12},"f":{"0":12},"b":{},"_coverageSchema":"43e27e138ebf9cfc5966b082cf9a028302ed4184","hash":"0834358836684c865a69db5c7052c04e9add9945"}
,"/Users/taylor.stackpole/Projects/js-helpers/src/Counter.js": {"path":"/Users/taylor.stackpole/Projects/js-helpers/src/Counter.js","statementMap":{"0":{"start":{"line":3,"column":4},"end":{"line":3,"column":24}},"1":{"start":{"line":4,"column":4},"end":{"line":4,"column":34}},"2":{"start":{"line":8,"column":4},"end":{"line":8,"column":30}},"3":{"start":{"line":12,"column":4},"end":{"line":12,"column":81}},"4":{"start":{"line":16,"column":4},"end":{"line":16,"column":48}},"5":{"start":{"line":20,"column":4},"end":{"line":20,"column":58}},"6":{"start":{"line":24,"column":4},"end":{"line":24,"column":17}},"7":{"start":{"line":25,"column":4},"end":{"line":25,"column":50}},"8":{"start":{"line":26,"column":4},"end":{"line":26,"column":16}},"9":{"start":{"line":30,"column":4},"end":{"line":30,"column":39}},"10":{"start":{"line":30,"column":21},"end":{"line":30,"column":39}},"11":{"start":{"line":31,"column":4},"end":{"line":31,"column":35}},"12":{"start":{"line":32,"column":4},"end":{"line":32,"column":22}}},"fnMap":{"0":{"name":"(anonymous_0)","decl":{"start":{"line":2,"column":2},"end":{"line":2,"column":3}},"loc":{"start":{"line":2,"column":35},"end":{"line":5,"column":3}},"line":2},"1":{"name":"(anonymous_1)","decl":{"start":{"line":7,"column":2},"end":{"line":7,"column":3}},"loc":{"start":{"line":7,"column":21},"end":{"line":9,"column":3}},"line":7},"2":{"name":"(anonymous_2)","decl":{"start":{"line":11,"column":2},"end":{"line":11,"column":3}},"loc":{"start":{"line":11,"column":15},"end":{"line":13,"column":3}},"line":11},"3":{"name":"(anonymous_3)","decl":{"start":{"line":15,"column":2},"end":{"line":15,"column":3}},"loc":{"start":{"line":15,"column":14},"end":{"line":17,"column":3}},"line":15},"4":{"name":"(anonymous_4)","decl":{"start":{"line":19,"column":2},"end":{"line":19,"column":3}},"loc":{"start":{"line":19,"column":27},"end":{"line":21,"column":3}},"line":19},"5":{"name":"(anonymous_5)","decl":{"start":{"line":23,"column":2},"end":{"line":23,"column":3}},"loc":{"start":{"line":23,"column":31},"end":{"line":27,"column":3}},"line":23},"6":{"name":"(anonymous_6)","decl":{"start":{"line":29,"column":2},"end":{"line":29,"column":3}},"loc":{"start":{"line":29,"column":9},"end":{"line":33,"column":3}},"line":29}},"branchMap":{"0":{"loc":{"start":{"line":12,"column":11},"end":{"line":12,"column":80}},"type":"cond-expr","locations":[{"start":{"line":12,"column":31},"end":{"line":12,"column":54}},{"start":{"line":12,"column":57},"end":{"line":12,"column":80}}],"line":12},"1":{"loc":{"start":{"line":16,"column":11},"end":{"line":16,"column":47}},"type":"cond-expr","locations":[{"start":{"line":16,"column":25},"end":{"line":16,"column":32}},{"start":{"line":16,"column":35},"end":{"line":16,"column":47}}],"line":16},"2":{"loc":{"start":{"line":20,"column":12},"end":{"line":20,"column":43}},"type":"cond-expr","locations":[{"start":{"line":20,"column":37},"end":{"line":20,"column":39}},{"start":{"line":20,"column":42},"end":{"line":20,"column":43}}],"line":20},"3":{"loc":{"start":{"line":23,"column":16},"end":{"line":23,"column":29}},"type":"default-arg","locations":[{"start":{"line":23,"column":28},"end":{"line":23,"column":29}}],"line":23},"4":{"loc":{"start":{"line":30,"column":4},"end":{"line":30,"column":39}},"type":"if","locations":[{"start":{"line":30,"column":4},"end":{"line":30,"column":39}},{"start":{"line":30,"column":4},"end":{"line":30,"column":39}}],"line":30}},"s":{"0":8,"1":8,"2":99,"3":99,"4":40,"5":10,"6":10,"7":10,"8":10,"9":37,"10":9,"11":28,"12":28},"f":{"0":8,"1":99,"2":99,"3":40,"4":10,"5":10,"6":37},"b":{"0":[6,93],"1":[15,25],"2":[3,7],"3":[3],"4":[9,28]},"_coverageSchema":"43e27e138ebf9cfc5966b082cf9a028302ed4184","hash":"84f0d49779f49415413180a3a7f698c6d50841d7"}
,"/Users/taylor.stackpole/Projects/js-helpers/src/Difference.js": {"path":"/Users/taylor.stackpole/Projects/js-helpers/src/Difference.js","statementMap":{"0":{"start":{"line":11,"column":19},"end":{"line":19,"column":1}},"1":{"start":{"line":12,"column":2},"end":{"line":12,"column":23}},"2":{"start":{"line":12,"column":13},"end":{"line":12,"column":23}},"3":{"start":{"line":13,"column":2},"end":{"line":13,"column":25}},"4":{"start":{"line":13,"column":13},"end":{"line":13,"column":25}},"5":{"start":{"line":14,"column":14},"end":{"line":14,"column":16}},"6":{"start":{"line":15,"column":2},"end":{"line":17,"column":5}},"7":{"start":{"line":16,"column":4},"end":{"line":16,"column":47}},"8":{"start":{"line":16,"column":32},"end":{"line":16,"column":47}},"9":{"start":{"line":18,"column":2},"end":{"line":18,"column":13}}},"fnMap":{"0":{"name":"(anonymous_0)","decl":{"start":{"line":11,"column":19},"end":{"line":11,"column":20}},"loc":{"start":{"line":11,"column":35},"end":{"line":19,"column":1}},"line":11},"1":{"name":"(anonymous_1)","decl":{"start":{"line":15,"column":15},"end":{"line":15,"column":16}},"loc":{"start":{"line":15,"column":25},"end":{"line":17,"column":3}},"line":15}},"branchMap":{"0":{"loc":{"start":{"line":12,"column":2},"end":{"line":12,"column":23}},"type":"if","locations":[{"start":{"line":12,"column":2},"end":{"line":12,"column":23}},{"start":{"line":12,"column":2},"end":{"line":12,"column":23}}],"line":12},"1":{"loc":{"start":{"line":13,"column":2},"end":{"line":13,"column":25}},"type":"if","locations":[{"start":{"line":13,"column":2},"end":{"line":13,"column":25}},{"start":{"line":13,"column":2},"end":{"line":13,"column":25}}],"line":13},"2":{"loc":{"start":{"line":16,"column":4},"end":{"line":16,"column":47}},"type":"if","locations":[{"start":{"line":16,"column":4},"end":{"line":16,"column":47}},{"start":{"line":16,"column":4},"end":{"line":16,"column":47}}],"line":16}},"s":{"0":2,"1":6,"2":1,"3":5,"4":1,"5":4,"6":4,"7":11,"8":7,"9":4},"f":{"0":6,"1":11},"b":{"0":[1,5],"1":[1,4],"2":[7,4]},"_coverageSchema":"43e27e138ebf9cfc5966b082cf9a028302ed4184","hash":"3f029bc75756930fd692a59d911eb674842bf5b2"}
,"/Users/taylor.stackpole/Projects/js-helpers/src/EitherOr.js": {"path":"/Users/taylor.stackpole/Projects/js-helpers/src/EitherOr.js","statementMap":{"0":{"start":{"line":1,"column":17},"end":{"line":1,"column":55}},"1":{"start":{"line":1,"column":35},"end":{"line":1,"column":54}}},"fnMap":{"0":{"name":"(anonymous_0)","decl":{"start":{"line":1,"column":17},"end":{"line":1,"column":18}},"loc":{"start":{"line":1,"column":35},"end":{"line":1,"column":54}},"line":1}},"branchMap":{"0":{"loc":{"start":{"line":1,"column":35},"end":{"line":1,"column":54}},"type":"cond-expr","locations":[{"start":{"line":1,"column":42},"end":{"line":1,"column":46}},{"start":{"line":1,"column":49},"end":{"line":1,"column":54}}],"line":1}},"s":{"0":1,"1":3},"f":{"0":3},"b":{"0":[1,2]},"_coverageSchema":"43e27e138ebf9cfc5966b082cf9a028302ed4184","hash":"7faebd3e15d42acafea257c586f155afc3e3fae9"}
,"/Users/taylor.stackpole/Projects/js-helpers/src/Every.js": {"path":"/Users/taylor.stackpole/Projects/js-helpers/src/Every.js","statementMap":{"0":{"start":{"line":7,"column":14},"end":{"line":12,"column":1}},"1":{"start":{"line":8,"column":2},"end":{"line":8,"column":95}},"2":{"start":{"line":8,"column":26},"end":{"line":8,"column":95}},"3":{"start":{"line":9,"column":15},"end":{"line":9,"column":30}},"4":{"start":{"line":10,"column":16},"end":{"line":10,"column":46}},"5":{"start":{"line":11,"column":2},"end":{"line":11,"column":31}}},"fnMap":{"0":{"name":"(anonymous_0)","decl":{"start":{"line":7,"column":14},"end":{"line":7,"column":15}},"loc":{"start":{"line":7,"column":48},"end":{"line":12,"column":1}},"line":7}},"branchMap":{"0":{"loc":{"start":{"line":7,"column":25},"end":{"line":7,"column":43}},"type":"default-arg","locations":[{"start":{"line":7,"column":35},"end":{"line":7,"column":43}}],"line":7},"1":{"loc":{"start":{"line":8,"column":2},"end":{"line":8,"column":95}},"type":"if","locations":[{"start":{"line":8,"column":2},"end":{"line":8,"column":95}},{"start":{"line":8,"column":2},"end":{"line":8,"column":95}}],"line":8}},"s":{"0":1,"1":3,"2":1,"3":2,"4":2,"5":2},"f":{"0":3},"b":{"0":[1],"1":[1,2]},"_coverageSchema":"43e27e138ebf9cfc5966b082cf9a028302ed4184","hash":"215d8b13c9f560e29845658eedd358bb68bc78ba"}
,"/Users/taylor.stackpole/Projects/js-helpers/src/Has.js": {"path":"/Users/taylor.stackpole/Projects/js-helpers/src/Has.js","statementMap":{"0":{"start":{"line":8,"column":12},"end":{"line":17,"column":1}},"1":{"start":{"line":9,"column":2},"end":{"line":9,"column":31}},"2":{"start":{"line":9,"column":15},"end":{"line":9,"column":31}},"3":{"start":{"line":10,"column":2},"end":{"line":10,"column":51}},"4":{"start":{"line":10,"column":24},"end":{"line":10,"column":51}},"5":{"start":{"line":12,"column":14},"end":{"line":12,"column":20}},"6":{"start":{"line":13,"column":2},"end":{"line":15,"column":3}},"7":{"start":{"line":14,"column":4},"end":{"line":14,"column":32}},"8":{"start":{"line":16,"column":2},"end":{"line":16,"column":33}}},"fnMap":{"0":{"name":"(anonymous_0)","decl":{"start":{"line":8,"column":12},"end":{"line":8,"column":13}},"loc":{"start":{"line":8,"column":29},"end":{"line":17,"column":1}},"line":8}},"branchMap":{"0":{"loc":{"start":{"line":9,"column":2},"end":{"line":9,"column":31}},"type":"if","locations":[{"start":{"line":9,"column":2},"end":{"line":9,"column":31}},{"start":{"line":9,"column":2},"end":{"line":9,"column":31}}],"line":9},"1":{"loc":{"start":{"line":10,"column":2},"end":{"line":10,"column":51}},"type":"if","locations":[{"start":{"line":10,"column":2},"end":{"line":10,"column":51}},{"start":{"line":10,"column":2},"end":{"line":10,"column":51}}],"line":10},"2":{"loc":{"start":{"line":13,"column":2},"end":{"line":15,"column":3}},"type":"if","locations":[{"start":{"line":13,"column":2},"end":{"line":15,"column":3}},{"start":{"line":13,"column":2},"end":{"line":15,"column":3}}],"line":13}},"s":{"0":1,"1":7,"2":1,"3":6,"4":2,"5":4,"6":4,"7":1,"8":4},"f":{"0":7},"b":{"0":[1,6],"1":[2,4],"2":[1,3]},"_coverageSchema":"43e27e138ebf9cfc5966b082cf9a028302ed4184","hash":"68259e5ef1e58115fbe3a8109d6e59a5c8df0dd2"}
,"/Users/taylor.stackpole/Projects/js-helpers/src/Is.js": {"path":"/Users/taylor.stackpole/Projects/js-helpers/src/Is.js","statementMap":{"0":{"start":{"line":1,"column":23},"end":{"line":1,"column":56}},"1":{"start":{"line":1,"column":34},"end":{"line":1,"column":55}},"2":{"start":{"line":3,"column":24},"end":{"line":3,"column":76}},"3":{"start":{"line":3,"column":35},"end":{"line":3,"column":75}},"4":{"start":{"line":5,"column":24},"end":{"line":5,"column":60}},"5":{"start":{"line":5,"column":35},"end":{"line":5,"column":59}},"6":{"start":{"line":7,"column":24},"end":{"line":15,"column":1}},"7":{"start":{"line":8,"column":2},"end":{"line":10,"column":3}},"8":{"start":{"line":9,"column":4},"end":{"line":9,"column":40}},"9":{"start":{"line":11,"column":2},"end":{"line":13,"column":3}},"10":{"start":{"line":12,"column":4},"end":{"line":12,"column":27}},"11":{"start":{"line":14,"column":2},"end":{"line":14,"column":16}}},"fnMap":{"0":{"name":"(anonymous_0)","decl":{"start":{"line":1,"column":23},"end":{"line":1,"column":24}},"loc":{"start":{"line":1,"column":34},"end":{"line":1,"column":55}},"line":1},"1":{"name":"(anonymous_1)","decl":{"start":{"line":3,"column":24},"end":{"line":3,"column":25}},"loc":{"start":{"line":3,"column":35},"end":{"line":3,"column":75}},"line":3},"2":{"name":"(anonymous_2)","decl":{"start":{"line":5,"column":24},"end":{"line":5,"column":25}},"loc":{"start":{"line":5,"column":35},"end":{"line":5,"column":59}},"line":5},"3":{"name":"(anonymous_3)","decl":{"start":{"line":7,"column":24},"end":{"line":7,"column":25}},"loc":{"start":{"line":7,"column":34},"end":{"line":15,"column":1}},"line":7}},"branchMap":{"0":{"loc":{"start":{"line":3,"column":35},"end":{"line":3,"column":75}},"type":"binary-expr","locations":[{"start":{"line":3,"column":35},"end":{"line":3,"column":49}},{"start":{"line":3,"column":53},"end":{"line":3,"column":75}}],"line":3},"1":{"loc":{"start":{"line":8,"column":2},"end":{"line":10,"column":3}},"type":"if","locations":[{"start":{"line":8,"column":2},"end":{"line":10,"column":3}},{"start":{"line":8,"column":2},"end":{"line":10,"column":3}}],"line":8},"2":{"loc":{"start":{"line":11,"column":2},"end":{"line":13,"column":3}},"type":"if","locations":[{"start":{"line":11,"column":2},"end":{"line":13,"column":3}},{"start":{"line":11,"column":2},"end":{"line":13,"column":3}}],"line":11},"3":{"loc":{"start":{"line":11,"column":6},"end":{"line":11,"column":37}},"type":"binary-expr","locations":[{"start":{"line":11,"column":6},"end":{"line":11,"column":19}},{"start":{"line":11,"column":23},"end":{"line":11,"column":37}}],"line":11}},"s":{"0":7,"1":95,"2":7,"3":49,"4":7,"5":47,"6":7,"7":41,"8":2,"9":39,"10":17,"11":22},"f":{"0":95,"1":49,"2":47,"3":41},"b":{"0":[49,43],"1":[2,39],"2":[17,22],"3":[39,37]},"_coverageSchema":"43e27e138ebf9cfc5966b082cf9a028302ed4184","hash":"57a1a7846122301f83e6cd9689714534592ed22a"}
,"/Users/taylor.stackpole/Projects/js-helpers/src/MatchFinder.js": {"path":"/Users/taylor.stackpole/Projects/js-helpers/src/MatchFinder.js","statementMap":{"0":{"start":{"line":9,"column":4},"end":{"line":9,"column":33}},"1":{"start":{"line":10,"column":4},"end":{"line":10,"column":29}},"2":{"start":{"line":11,"column":4},"end":{"line":11,"column":35}},"3":{"start":{"line":12,"column":4},"end":{"line":12,"column":24}},"4":{"start":{"line":13,"column":4},"end":{"line":13,"column":28}},"5":{"start":{"line":14,"column":4},"end":{"line":14,"column":21}},"6":{"start":{"line":15,"column":4},"end":{"line":15,"column":52}},"7":{"start":{"line":15,"column":45},"end":{"line":15,"column":52}},"8":{"start":{"line":16,"column":4},"end":{"line":16,"column":54}},"9":{"start":{"line":16,"column":47},"end":{"line":16,"column":54}},"10":{"start":{"line":17,"column":4},"end":{"line":17,"column":37}},"11":{"start":{"line":21,"column":4},"end":{"line":21,"column":31}},"12":{"start":{"line":25,"column":4},"end":{"line":25,"column":27}},"13":{"start":{"line":30,"column":4},"end":{"line":30,"column":26}},"14":{"start":{"line":34,"column":4},"end":{"line":34,"column":26}},"15":{"start":{"line":38,"column":4},"end":{"line":38,"column":25}},"16":{"start":{"line":43,"column":4},"end":{"line":50,"column":5}},"17":{"start":{"line":48,"column":6},"end":{"line":48,"column":52}},"18":{"start":{"line":49,"column":6},"end":{"line":49,"column":38}},"19":{"start":{"line":51,"column":4},"end":{"line":51,"column":78}},"20":{"start":{"line":52,"column":4},"end":{"line":55,"column":7}},"21":{"start":{"line":56,"column":16},"end":{"line":56,"column":80}},"22":{"start":{"line":57,"column":4},"end":{"line":59,"column":5}},"23":{"start":{"line":58,"column":6},"end":{"line":58,"column":60}},"24":{"start":{"line":63,"column":18},"end":{"line":63,"column":48}},"25":{"start":{"line":64,"column":18},"end":{"line":64,"column":49}},"26":{"start":{"line":65,"column":4},"end":{"line":73,"column":5}},"27":{"start":{"line":66,"column":6},"end":{"line":66,"column":29}},"28":{"start":{"line":67,"column":6},"end":{"line":67,"column":40}},"29":{"start":{"line":72,"column":6},"end":{"line":72,"column":38}}},"fnMap":{"0":{"name":"(anonymous_0)","decl":{"start":{"line":5,"column":2},"end":{"line":5,"column":3}},"loc":{"start":{"line":8,"column":5},"end":{"line":18,"column":3}},"line":8},"1":{"name":"(anonymous_1)","decl":{"start":{"line":20,"column":2},"end":{"line":20,"column":3}},"loc":{"start":{"line":20,"column":30},"end":{"line":22,"column":3}},"line":20},"2":{"name":"(anonymous_2)","decl":{"start":{"line":24,"column":2},"end":{"line":24,"column":3}},"loc":{"start":{"line":24,"column":17},"end":{"line":27,"column":3}},"line":24},"3":{"name":"(anonymous_3)","decl":{"start":{"line":29,"column":2},"end":{"line":29,"column":3}},"loc":{"start":{"line":29,"column":16},"end":{"line":31,"column":3}},"line":29},"4":{"name":"(anonymous_4)","decl":{"start":{"line":33,"column":2},"end":{"line":33,"column":3}},"loc":{"start":{"line":33,"column":16},"end":{"line":35,"column":3}},"line":33},"5":{"name":"(anonymous_5)","decl":{"start":{"line":37,"column":2},"end":{"line":37,"column":3}},"loc":{"start":{"line":37,"column":15},"end":{"line":39,"column":3}},"line":37},"6":{"name":"(anonymous_6)","decl":{"start":{"line":41,"column":2},"end":{"line":41,"column":3}},"loc":{"start":{"line":41,"column":39},"end":{"line":60,"column":3}},"line":41},"7":{"name":"(anonymous_7)","decl":{"start":{"line":62,"column":2},"end":{"line":62,"column":3}},"loc":{"start":{"line":62,"column":36},"end":{"line":74,"column":3}},"line":62}},"branchMap":{"0":{"loc":{"start":{"line":5,"column":31},"end":{"line":8,"column":3}},"type":"default-arg","locations":[{"start":{"line":5,"column":41},"end":{"line":8,"column":3}}],"line":5},"1":{"loc":{"start":{"line":9,"column":20},"end":{"line":9,"column":32}},"type":"binary-expr","locations":[{"start":{"line":9,"column":20},"end":{"line":9,"column":26}},{"start":{"line":9,"column":30},"end":{"line":9,"column":32}}],"line":9},"2":{"loc":{"start":{"line":11,"column":21},"end":{"line":11,"column":34}},"type":"binary-expr","locations":[{"start":{"line":11,"column":21},"end":{"line":11,"column":28}},{"start":{"line":11,"column":32},"end":{"line":11,"column":34}}],"line":11},"3":{"loc":{"start":{"line":15,"column":4},"end":{"line":15,"column":52}},"type":"if","locations":[{"start":{"line":15,"column":4},"end":{"line":15,"column":52}},{"start":{"line":15,"column":4},"end":{"line":15,"column":52}}],"line":15},"4":{"loc":{"start":{"line":15,"column":8},"end":{"line":15,"column":43}},"type":"binary-expr","locations":[{"start":{"line":15,"column":8},"end":{"line":15,"column":20}},{"start":{"line":15,"column":24},"end":{"line":15,"column":43}}],"line":15},"5":{"loc":{"start":{"line":16,"column":4},"end":{"line":16,"column":54}},"type":"if","locations":[{"start":{"line":16,"column":4},"end":{"line":16,"column":54}},{"start":{"line":16,"column":4},"end":{"line":16,"column":54}}],"line":16},"6":{"loc":{"start":{"line":16,"column":8},"end":{"line":16,"column":45}},"type":"binary-expr","locations":[{"start":{"line":16,"column":8},"end":{"line":16,"column":21}},{"start":{"line":16,"column":25},"end":{"line":16,"column":45}}],"line":16},"7":{"loc":{"start":{"line":43,"column":4},"end":{"line":50,"column":5}},"type":"if","locations":[{"start":{"line":43,"column":4},"end":{"line":50,"column":5}},{"start":{"line":43,"column":4},"end":{"line":50,"column":5}}],"line":43},"8":{"loc":{"start":{"line":57,"column":4},"end":{"line":59,"column":5}},"type":"if","locations":[{"start":{"line":57,"column":4},"end":{"line":59,"column":5}},{"start":{"line":57,"column":4},"end":{"line":59,"column":5}}],"line":57},"9":{"loc":{"start":{"line":62,"column":25},"end":{"line":62,"column":34}},"type":"default-arg","locations":[{"start":{"line":62,"column":33},"end":{"line":62,"column":34}}],"line":62},"10":{"loc":{"start":{"line":65,"column":4},"end":{"line":73,"column":5}},"type":"if","locations":[{"start":{"line":65,"column":4},"end":{"line":73,"column":5}},{"start":{"line":65,"column":4},"end":{"line":73,"column":5}}],"line":65}},"s":{"0":9,"1":9,"2":9,"3":9,"4":9,"5":9,"6":9,"7":2,"8":7,"9":1,"10":6,"11":10,"12":9,"13":5,"14":24,"15":17,"16":6,"17":3,"18":3,"19":6,"20":6,"21":6,"22":6,"23":4,"24":10,"25":10,"26":10,"27":6,"28":6,"29":4},"f":{"0":9,"1":10,"2":9,"3":5,"4":24,"5":17,"6":6,"7":10},"b":{"0":[9],"1":[9,2],"2":[9,3],"3":[2,7],"4":[9,2],"5":[1,6],"6":[7,1],"7":[3,3],"8":[4,2],"9":[6],"10":[6,4]},"_coverageSchema":"43e27e138ebf9cfc5966b082cf9a028302ed4184","hash":"d5ae31a7166892e6fa3b4afadb3c42367bc03328"}
,"/Users/taylor.stackpole/Projects/js-helpers/src/Merge.js": {"path":"/Users/taylor.stackpole/Projects/js-helpers/src/Merge.js","statementMap":{"0":{"start":{"line":6,"column":14},"end":{"line":13,"column":1}},"1":{"start":{"line":7,"column":2},"end":{"line":11,"column":5}},"2":{"start":{"line":8,"column":4},"end":{"line":10,"column":5}},"3":{"start":{"line":9,"column":6},"end":{"line":9,"column":32}},"4":{"start":{"line":12,"column":2},"end":{"line":12,"column":16}}},"fnMap":{"0":{"name":"(anonymous_0)","decl":{"start":{"line":6,"column":14},"end":{"line":6,"column":15}},"loc":{"start":{"line":6,"column":38},"end":{"line":13,"column":1}},"line":6},"1":{"name":"(anonymous_1)","decl":{"start":{"line":7,"column":18},"end":{"line":7,"column":19}},"loc":{"start":{"line":7,"column":27},"end":{"line":11,"column":3}},"line":7}},"branchMap":{},"s":{"0":1,"1":2,"2":3,"3":6,"4":2},"f":{"0":2,"1":3},"b":{},"_coverageSchema":"43e27e138ebf9cfc5966b082cf9a028302ed4184","hash":"26c4706eef800fd36c5447a76eafc36b99e68130"}
,"/Users/taylor.stackpole/Projects/js-helpers/src/ModIndex.js": {"path":"/Users/taylor.stackpole/Projects/js-helpers/src/ModIndex.js","statementMap":{"0":{"start":{"line":1,"column":17},"end":{"line":1,"column":58}},"1":{"start":{"line":1,"column":34},"end":{"line":1,"column":57}}},"fnMap":{"0":{"name":"(anonymous_0)","decl":{"start":{"line":1,"column":17},"end":{"line":1,"column":18}},"loc":{"start":{"line":1,"column":34},"end":{"line":1,"column":57}},"line":1}},"branchMap":{},"s":{"0":1,"1":6},"f":{"0":6},"b":{},"_coverageSchema":"43e27e138ebf9cfc5966b082cf9a028302ed4184","hash":"85b157515ee7a5c85f1182dc1244210ca626d098"}
,"/Users/taylor.stackpole/Projects/js-helpers/src/Omit.js": {"path":"/Users/taylor.stackpole/Projects/js-helpers/src/Omit.js","statementMap":{"0":{"start":{"line":4,"column":13},"end":{"line":9,"column":1}},"1":{"start":{"line":5,"column":14},"end":{"line":5,"column":16}},"2":{"start":{"line":6,"column":18},"end":{"line":6,"column":52}},"3":{"start":{"line":7,"column":2},"end":{"line":7,"column":46}},"4":{"start":{"line":7,"column":25},"end":{"line":7,"column":44}},"5":{"start":{"line":8,"column":2},"end":{"line":8,"column":13}}},"fnMap":{"0":{"name":"(anonymous_0)","decl":{"start":{"line":4,"column":13},"end":{"line":4,"column":14}},"loc":{"start":{"line":4,"column":28},"end":{"line":9,"column":1}},"line":4},"1":{"name":"(anonymous_1)","decl":{"start":{"line":7,"column":18},"end":{"line":7,"column":19}},"loc":{"start":{"line":7,"column":25},"end":{"line":7,"column":44}},"line":7}},"branchMap":{},"s":{"0":1,"1":1,"2":1,"3":1,"4":2,"5":1},"f":{"0":1,"1":2},"b":{},"_coverageSchema":"43e27e138ebf9cfc5966b082cf9a028302ed4184","hash":"1525260d07055d989581878091e580fd6affeff3"}
,"/Users/taylor.stackpole/Projects/js-helpers/src/Pick.js": {"path":"/Users/taylor.stackpole/Projects/js-helpers/src/Pick.js","statementMap":{"0":{"start":{"line":1,"column":13},"end":{"line":5,"column":1}},"1":{"start":{"line":2,"column":14},"end":{"line":2,"column":16}},"2":{"start":{"line":3,"column":2},"end":{"line":3,"column":39}},"3":{"start":{"line":3,"column":21},"end":{"line":3,"column":36}},"4":{"start":{"line":4,"column":2},"end":{"line":4,"column":13}}},"fnMap":{"0":{"name":"(anonymous_0)","decl":{"start":{"line":1,"column":13},"end":{"line":1,"column":14}},"loc":{"start":{"line":1,"column":28},"end":{"line":5,"column":1}},"line":1},"1":{"name":"(anonymous_1)","decl":{"start":{"line":3,"column":15},"end":{"line":3,"column":16}},"loc":{"start":{"line":3,"column":21},"end":{"line":3,"column":36}},"line":3}},"branchMap":{},"s":{"0":1,"1":1,"2":1,"3":2,"4":1},"f":{"0":1,"1":2},"b":{},"_coverageSchema":"43e27e138ebf9cfc5966b082cf9a028302ed4184","hash":"89707ce5e15b1fea723c49afdd27fcacf2e3ec0d"}
,"/Users/taylor.stackpole/Projects/js-helpers/src/Random.js": {"path":"/Users/taylor.stackpole/Projects/js-helpers/src/Random.js","statementMap":{"0":{"start":{"line":1,"column":15},"end":{"line":3,"column":1}},"1":{"start":{"line":2,"column":2},"end":{"line":2,"column":47}}},"fnMap":{"0":{"name":"(anonymous_0)","decl":{"start":{"line":1,"column":15},"end":{"line":1,"column":16}},"loc":{"start":{"line":1,"column":37},"end":{"line":3,"column":1}},"line":1}},"branchMap":{"0":{"loc":{"start":{"line":1,"column":16},"end":{"line":1,"column":24}},"type":"default-arg","locations":[{"start":{"line":1,"column":23},"end":{"line":1,"column":24}}],"line":1},"1":{"loc":{"start":{"line":1,"column":26},"end":{"line":1,"column":32}},"type":"default-arg","locations":[{"start":{"line":1,"column":31},"end":{"line":1,"column":32}}],"line":1}},"s":{"0":1,"1":101},"f":{"0":101},"b":{"0":[1],"1":[1]},"_coverageSchema":"43e27e138ebf9cfc5966b082cf9a028302ed4184","hash":"f7d5edcf464721c1d9e6d2357c3e50a60bc6b442"}
,"/Users/taylor.stackpole/Projects/js-helpers/src/Take.js": {"path":"/Users/taylor.stackpole/Projects/js-helpers/src/Take.js","statementMap":{"0":{"start":{"line":4,"column":13},"end":{"line":10,"column":1}},"1":{"start":{"line":5,"column":14},"end":{"line":5,"column":16}},"2":{"start":{"line":6,"column":2},"end":{"line":8,"column":5}},"3":{"start":{"line":7,"column":4},"end":{"line":7,"column":25}},"4":{"start":{"line":9,"column":2},"end":{"line":9,"column":13}}},"fnMap":{"0":{"name":"(anonymous_0)","decl":{"start":{"line":4,"column":13},"end":{"line":4,"column":14}},"loc":{"start":{"line":4,"column":29},"end":{"line":10,"column":1}},"line":4},"1":{"name":"(anonymous_1)","decl":{"start":{"line":6,"column":15},"end":{"line":6,"column":16}},"loc":{"start":{"line":6,"column":31},"end":{"line":8,"column":3}},"line":6}},"branchMap":{},"s":{"0":1,"1":1,"2":1,"3":2,"4":1},"f":{"0":1,"1":2},"b":{},"_coverageSchema":"43e27e138ebf9cfc5966b082cf9a028302ed4184","hash":"cd6a3c03d6a77877854d3e1d7dcdbadefc219028"}
,"/Users/taylor.stackpole/Projects/js-helpers/src/Times.js": {"path":"/Users/taylor.stackpole/Projects/js-helpers/src/Times.js","statementMap":{"0":{"start":{"line":1,"column":14},"end":{"line":3,"column":1}},"1":{"start":{"line":2,"column":2},"end":{"line":2,"column":78}},"2":{"start":{"line":2,"column":58},"end":{"line":2,"column":74}}},"fnMap":{"0":{"name":"(anonymous_0)","decl":{"start":{"line":1,"column":14},"end":{"line":1,"column":15}},"loc":{"start":{"line":1,"column":38},"end":{"line":3,"column":1}},"line":1},"1":{"name":"(anonymous_1)","decl":{"start":{"line":2,"column":37},"end":{"line":2,"column":38}},"loc":{"start":{"line":2,"column":56},"end":{"line":2,"column":76}},"line":2}},"branchMap":{},"s":{"0":4,"1":4,"2":117},"f":{"0":4,"1":117},"b":{},"_coverageSchema":"43e27e138ebf9cfc5966b082cf9a028302ed4184","hash":"6691b66a93f74c9a5abdf1fa0a30276c6d6b6b4b"}
,"/Users/taylor.stackpole/Projects/js-helpers/src/Unique.js": {"path":"/Users/taylor.stackpole/Projects/js-helpers/src/Unique.js","statementMap":{"0":{"start":{"line":1,"column":15},"end":{"line":9,"column":1}},"1":{"start":{"line":2,"column":14},"end":{"line":2,"column":16}},"2":{"start":{"line":3,"column":2},"end":{"line":7,"column":5}},"3":{"start":{"line":4,"column":4},"end":{"line":6,"column":5}},"4":{"start":{"line":5,"column":6},"end":{"line":5,"column":21}},"5":{"start":{"line":8,"column":2},"end":{"line":8,"column":13}}},"fnMap":{"0":{"name":"(anonymous_0)","decl":{"start":{"line":1,"column":15},"end":{"line":1,"column":16}},"loc":{"start":{"line":1,"column":24},"end":{"line":9,"column":1}},"line":1},"1":{"name":"(anonymous_1)","decl":{"start":{"line":3,"column":14},"end":{"line":3,"column":15}},"loc":{"start":{"line":3,"column":24},"end":{"line":7,"column":3}},"line":3}},"branchMap":{"0":{"loc":{"start":{"line":4,"column":4},"end":{"line":6,"column":5}},"type":"if","locations":[{"start":{"line":4,"column":4},"end":{"line":6,"column":5}},{"start":{"line":4,"column":4},"end":{"line":6,"column":5}}],"line":4}},"s":{"0":2,"1":2,"2":2,"3":12,"4":5,"5":2},"f":{"0":2,"1":12},"b":{"0":[5,7]},"_coverageSchema":"43e27e138ebf9cfc5966b082cf9a028302ed4184","hash":"5110a5371c6f2d6463b101ef053fadde933e4913"}
}
