TN:
SF:/Users/taylor.stackpole/Projects/js-helpers/src/Any.js
FN:17,(anonymous_0)
FN:21,(anonymous_1)
FNF:2
FNH:2
FNDA:9,(anonymous_0)
FNDA:11,(anonymous_1)
DA:15,2
DA:17,2
DA:18,9
DA:19,7
DA:20,7
DA:21,7
DA:23,11
DA:26,5
DA:27,4
DA:29,6
LF:10
LH:10
BRDA:17,0,0,1
BRDA:17,1,0,6
BRDA:18,2,0,2
BRDA:18,2,1,7
BRDA:23,3,0,4
BRDA:23,3,1,6
BRDA:26,4,0,1
BRDA:26,4,1,4
BRF:8
BRH:8
end_of_record
TN:
SF:/Users/taylor.stackpole/Projects/js-helpers/src/CircleSlice.js
FN:3,(anonymous_0)
FNF:1
FNH:1
FNDA:13,(anonymous_0)
DA:3,1
DA:4,13
DA:5,13
DA:6,6
DA:7,3
DA:9,3
LF:6
LH:6
BRDA:5,0,0,7
BRDA:5,0,1,6
BRDA:6,1,0,3
BRDA:6,1,1,3
BRF:4
BRH:4
end_of_record
TN:
SF:/Users/taylor.stackpole/Projects/js-helpers/src/Classnames.js
FN:14,(anonymous_0)
FN:15,(anonymous_1)
FNF:2
FNH:2
FNDA:9,(anonymous_0)
FNDA:14,(anonymous_1)
DA:14,1
DA:15,9
DA:16,14
DA:17,14
DA:18,5
DA:19,5
DA:20,3
DA:22,2
DA:23,6
DA:24,4
DA:28,5
DA:29,9
DA:30,6
DA:32,3
DA:34,14
LF:15
LH:15
BRDA:17,0,0,5
BRDA:17,0,1,9
BRDA:19,1,0,3
BRDA:19,1,1,2
BRDA:23,2,0,4
BRDA:23,2,1,2
BRDA:29,3,0,6
BRDA:29,3,1,3
BRF:8
BRH:8
end_of_record
TN:
SF:/Users/taylor.stackpole/Projects/js-helpers/src/Clone.js
FN:2,(anonymous_0)
FNF:1
FNH:1
FNDA:19,(anonymous_0)
DA:2,3
DA:3,19
LF:2
LH:2
BRF:0
BRH:0
end_of_record
TN:
SF:/Users/taylor.stackpole/Projects/js-helpers/src/ClosestMove.js
FN:5,(anonymous_0)
FN:7,(anonymous_1)
FN:10,(anonymous_2)
FN:20,(anonymous_3)
FNF:4
FNH:4
FNDA:1,(anonymous_0)
FNDA:10,(anonymous_1)
FNDA:6,(anonymous_2)
FNDA:29,(anonymous_3)
DA:6,1
DA:7,10
DA:11,6
DA:12,6
DA:13,6
DA:14,6
DA:15,6
DA:16,6
DA:17,6
DA:21,29
DA:22,28
DA:23,28
DA:24,6
DA:25,6
DA:26,6
DA:27,6
DA:28,6
DA:29,6
DA:31,28
LF:19
LH:19
BRDA:21,0,0,1
BRDA:21,0,1,28
BRDA:23,1,0,6
BRDA:23,1,1,22
BRF:4
BRH:4
end_of_record
TN:
SF:/Users/taylor.stackpole/Projects/js-helpers/src/Compact.js
FN:3,(anonymous_0)
FNF:1
FNH:1
FNDA:12,(anonymous_0)
DA:3,12
LF:1
LH:1
BRF:0
BRH:0
end_of_record
TN:
SF:/Users/taylor.stackpole/Projects/js-helpers/src/Counter.js
FN:2,(anonymous_0)
FN:7,(anonymous_1)
FN:11,(anonymous_2)
FN:15,(anonymous_3)
FN:19,(anonymous_4)
FN:23,(anonymous_5)
FN:29,(anonymous_6)
FNF:7
FNH:7
FNDA:8,(anonymous_0)
FNDA:99,(anonymous_1)
FNDA:99,(anonymous_2)
FNDA:40,(anonymous_3)
FNDA:10,(anonymous_4)
FNDA:10,(anonymous_5)
FNDA:37,(anonymous_6)
DA:3,8
DA:4,8
DA:8,99
DA:12,99
DA:16,40
DA:20,10
DA:24,10
DA:25,10
DA:26,10
DA:30,37
DA:31,28
DA:32,28
LF:12
LH:12
BRDA:12,0,0,6
BRDA:12,0,1,93
BRDA:16,1,0,15
BRDA:16,1,1,25
BRDA:20,2,0,3
BRDA:20,2,1,7
BRDA:23,3,0,3
BRDA:30,4,0,9
BRDA:30,4,1,28
BRF:9
BRH:9
end_of_record
TN:
SF:/Users/taylor.stackpole/Projects/js-helpers/src/Difference.js
FN:11,(anonymous_0)
FN:15,(anonymous_1)
FNF:2
FNH:2
FNDA:6,(anonymous_0)
FNDA:11,(anonymous_1)
DA:11,2
DA:12,6
DA:13,5
DA:14,4
DA:15,4
DA:16,11
DA:18,4
LF:7
LH:7
BRDA:12,0,0,1
BRDA:12,0,1,5
BRDA:13,1,0,1
BRDA:13,1,1,4
BRDA:16,2,0,7
BRDA:16,2,1,4
BRF:6
BRH:6
end_of_record
TN:
SF:/Users/taylor.stackpole/Projects/js-helpers/src/EitherOr.js
FN:1,(anonymous_0)
FNF:1
FNH:1
FNDA:3,(anonymous_0)
DA:1,3
LF:1
LH:1
BRDA:1,0,0,1
BRDA:1,0,1,2
BRF:2
BRH:2
end_of_record
TN:
SF:/Users/taylor.stackpole/Projects/js-helpers/src/Every.js
FN:7,(anonymous_0)
FNF:1
FNH:1
FNDA:3,(anonymous_0)
DA:7,1
DA:8,3
DA:9,2
DA:10,2
DA:11,2
LF:5
LH:5
BRDA:7,0,0,1
BRDA:8,1,0,1
BRDA:8,1,1,2
BRF:3
BRH:3
end_of_record
TN:
SF:/Users/taylor.stackpole/Projects/js-helpers/src/Has.js
FN:8,(anonymous_0)
FNF:1
FNH:1
FNDA:7,(anonymous_0)
DA:8,1
DA:9,7
DA:10,6
DA:12,4
DA:13,4
DA:14,1
DA:16,4
LF:7
LH:7
BRDA:9,0,0,1
BRDA:9,0,1,6
BRDA:10,1,0,2
BRDA:10,1,1,4
BRDA:13,2,0,1
BRDA:13,2,1,3
BRF:6
BRH:6
end_of_record
TN:
SF:/Users/taylor.stackpole/Projects/js-helpers/src/Is.js
FN:1,(anonymous_0)
FN:3,(anonymous_1)
FN:5,(anonymous_2)
FN:7,(anonymous_3)
FNF:4
FNH:4
FNDA:95,(anonymous_0)
FNDA:49,(anonymous_1)
FNDA:47,(anonymous_2)
FNDA:41,(anonymous_3)
DA:1,95
DA:3,49
DA:5,47
DA:7,7
DA:8,41
DA:9,2
DA:11,39
DA:12,17
DA:14,22
LF:9
LH:9
BRDA:3,0,0,49
BRDA:3,0,1,43
BRDA:8,1,0,2
BRDA:8,1,1,39
BRDA:11,2,0,17
BRDA:11,2,1,22
BRDA:11,3,0,39
BRDA:11,3,1,37
BRF:8
BRH:8
end_of_record
TN:
SF:/Users/taylor.stackpole/Projects/js-helpers/src/MatchFinder.js
FN:5,(anonymous_0)
FN:20,(anonymous_1)
FN:24,(anonymous_2)
FN:29,(anonymous_3)
FN:33,(anonymous_4)
FN:37,(anonymous_5)
FN:41,(anonymous_6)
FN:62,(anonymous_7)
FNF:8
FNH:8
FNDA:9,(anonymous_0)
FNDA:10,(anonymous_1)
FNDA:9,(anonymous_2)
FNDA:5,(anonymous_3)
FNDA:24,(anonymous_4)
FNDA:17,(anonymous_5)
FNDA:6,(anonymous_6)
FNDA:10,(anonymous_7)
DA:9,9
DA:10,9
DA:11,9
DA:12,9
DA:13,9
DA:14,9
DA:15,9
DA:16,7
DA:17,6
DA:21,10
DA:25,9
DA:30,5
DA:34,24
DA:38,17
DA:43,6
DA:48,3
DA:49,3
DA:51,6
DA:52,6
DA:56,6
DA:57,6
DA:58,4
DA:63,10
DA:64,10
DA:65,10
DA:66,6
DA:67,6
DA:72,4
LF:28
LH:28
BRDA:5,0,0,9
BRDA:9,1,0,9
BRDA:9,1,1,2
BRDA:11,2,0,9
BRDA:11,2,1,3
BRDA:15,3,0,2
BRDA:15,3,1,7
BRDA:15,4,0,9
BRDA:15,4,1,2
BRDA:16,5,0,1
BRDA:16,5,1,6
BRDA:16,6,0,7
BRDA:16,6,1,1
BRDA:43,7,0,3
BRDA:43,7,1,3
BRDA:57,8,0,4
BRDA:57,8,1,2
BRDA:62,9,0,6
BRDA:65,10,0,6
BRDA:65,10,1,4
BRF:20
BRH:20
end_of_record
TN:
SF:/Users/taylor.stackpole/Projects/js-helpers/src/Merge.js
FN:6,(anonymous_0)
FN:7,(anonymous_1)
FNF:2
FNH:2
FNDA:2,(anonymous_0)
FNDA:3,(anonymous_1)
DA:6,1
DA:7,2
DA:8,3
DA:9,6
DA:12,2
LF:5
LH:5
BRF:0
BRH:0
end_of_record
TN:
SF:/Users/taylor.stackpole/Projects/js-helpers/src/ModIndex.js
FN:1,(anonymous_0)
FNF:1
FNH:1
FNDA:6,(anonymous_0)
DA:1,6
LF:1
LH:1
BRF:0
BRH:0
end_of_record
TN:
SF:/Users/taylor.stackpole/Projects/js-helpers/src/Omit.js
FN:4,(anonymous_0)
FN:7,(anonymous_1)
FNF:2
FNH:2
FNDA:1,(anonymous_0)
FNDA:2,(anonymous_1)
DA:4,1
DA:5,1
DA:6,1
DA:7,2
DA:8,1
LF:5
LH:5
BRF:0
BRH:0
end_of_record
TN:
SF:/Users/taylor.stackpole/Projects/js-helpers/src/Pick.js
FN:1,(anonymous_0)
FN:3,(anonymous_1)
FNF:2
FNH:2
FNDA:1,(anonymous_0)
FNDA:2,(anonymous_1)
DA:1,1
DA:2,1
DA:3,2
DA:4,1
LF:4
LH:4
BRF:0
BRH:0
end_of_record
TN:
SF:/Users/taylor.stackpole/Projects/js-helpers/src/Random.js
FN:1,(anonymous_0)
FNF:1
FNH:1
FNDA:101,(anonymous_0)
DA:1,1
DA:2,101
LF:2
LH:2
BRDA:1,0,0,1
BRDA:1,1,0,1
BRF:2
BRH:2
end_of_record
TN:
SF:/Users/taylor.stackpole/Projects/js-helpers/src/Take.js
FN:4,(anonymous_0)
FN:6,(anonymous_1)
FNF:2
FNH:2
FNDA:1,(anonymous_0)
FNDA:2,(anonymous_1)
DA:4,1
DA:5,1
DA:6,1
DA:7,2
DA:9,1
LF:5
LH:5
BRF:0
BRH:0
end_of_record
TN:
SF:/Users/taylor.stackpole/Projects/js-helpers/src/Times.js
FN:1,(anonymous_0)
FN:2,(anonymous_1)
FNF:2
FNH:2
FNDA:4,(anonymous_0)
FNDA:117,(anonymous_1)
DA:1,4
DA:2,117
LF:2
LH:2
BRF:0
BRH:0
end_of_record
TN:
SF:/Users/taylor.stackpole/Projects/js-helpers/src/Unique.js
FN:1,(anonymous_0)
FN:3,(anonymous_1)
FNF:2
FNH:2
FNDA:2,(anonymous_0)
FNDA:12,(anonymous_1)
DA:1,2
DA:2,2
DA:3,2
DA:4,12
DA:5,5
DA:8,2
LF:6
LH:6
BRDA:4,0,0,5
BRDA:4,0,1,7
BRF:2
BRH:2
end_of_record
